/*C2*/SET SCHEMA PUBLIC
INSERT INTO CLIENTE VALUES(10,'Felipe','Rua Mariano Costa, 7459','Picos','PI','123')
COMMIT
INSERT INTO CLIENTE VALUES(11,'Maria Allyne','Rua Costa e Silva, 0001','Alegrete','PI','321')
COMMIT
INSERT INTO CLIENTE VALUES(12,'Regilene','Rua da Silva, 2020','Bel\u00e9m do Piau\u00ed','PI','432')
COMMIT
INSERT INTO CLIENTE VALUES(13,'Jos\u00e9','Avenida XXX, 6969','Vila Nova','PI','2333')
COMMIT
INSERT INTO CLIENTE VALUES(14,'Mayra','Rua da Gordura, 8888','Vila Nova','PI','2222')
COMMIT
INSERT INTO CLIENTE VALUES(15,'Soraya','Rua Sei L\u00e1, 0123','Vila Nova','PI','abc123')
COMMIT
INSERT INTO CLIENTE VALUES(16,'Amanda','Avenida ABC, 9877','Picos','PI','xx22')
COMMIT
INSERT INTO CLIENTE VALUES(17,'Laura','Avenida S\u00e3o Jos\u00e9, 7459','Alegrete','PI','jj27')
COMMIT
INSERT INTO CLIENTE VALUES(18,'Eduardo','Rua Mariano Costa, 7459','Picos','PI','qz23')
COMMIT
INSERT INTO CLIENTE VALUES(19,'Jarmes','Rua Mariano Costa, 7459','Marcolandia','PI','12345678')
COMMIT
SET SCHEMA PUBLIC
DISCONNECT
/*C3*/SET SCHEMA PUBLIC
DELETE FROM CLIENTE WHERE ID=10
DELETE FROM CLIENTE WHERE ID=11
DELETE FROM CLIENTE WHERE ID=12
DELETE FROM CLIENTE WHERE ID=13
DELETE FROM CLIENTE WHERE ID=14
DELETE FROM CLIENTE WHERE ID=15
DELETE FROM CLIENTE WHERE ID=16
DELETE FROM CLIENTE WHERE ID=17
DELETE FROM CLIENTE WHERE ID=18
DELETE FROM CLIENTE WHERE ID=19
COMMIT
/*C4*/SET SCHEMA PUBLIC
DISCONNECT
/*C5*/SET SCHEMA PUBLIC
INSERT INTO HORARIO VALUES(0,'2017-09-22 18:00:00.000000','2017-09-22 20:00:00.000000',0)
COMMIT
INSERT INTO HORARIO VALUES(1,'2017-09-23 18:00:00.000000','2017-09-23 20:00:00.000000',0)
COMMIT
INSERT INTO HORARIO VALUES(2,'2017-09-20 12:00:00.000000','2017-09-20 14:00:00.000000',0)
COMMIT
INSERT INTO HORARIO VALUES(3,'2017-09-21 18:00:00.000000','2017-09-21 20:00:00.000000',0)
COMMIT
INSERT INTO HORARIO VALUES(4,'2017-09-25 14:00:00.000000','2017-09-25 18:00:00.000000',0)
COMMIT
INSERT INTO HORARIO VALUES(5,'2017-09-22 10:00:00.000000','2017-09-22 12:00:00.000000',0)
COMMIT
INSERT INTO HORARIO VALUES(6,'2017-09-22 08:00:00.000000','2017-09-22 12:00:00.000000',0)
COMMIT
INSERT INTO HORARIO VALUES(7,'2017-09-28 15:00:00.000000','2017-09-22 17:00:00.000000',0)
COMMIT
INSERT INTO HORARIO VALUES(8,'2017-09-26 18:00:00.000000','2017-09-26 20:00:00.000000',0)
COMMIT
INSERT INTO HORARIO VALUES(9,'2017-09-29 10:00:00.000000','2017-09-29 12:00:00.000000',0)
COMMIT
SET SCHEMA PUBLIC
DISCONNECT
/*C3*/DISCONNECT
